<?xml version="1.0" encoding="UTF-8"?>
<testng-results skipped="0" failed="0" ignored="0" total="1" passed="1">
  <reporter-output>
  </reporter-output>
  <suite name="Test Suite" duration-ms="5570" started-at="2019-01-04T05:46:11Z" finished-at="2019-01-04T05:46:16Z">
    <groups>
    </groups>
    <test name="Demo Test" duration-ms="5570" started-at="2019-01-04T05:46:11Z" finished-at="2019-01-04T05:46:16Z">
      <class name="com.ibm.Jenkins2.com.ibm.Jenkins2.launchApplication">
        <test-method status="PASS" signature="beforeTest()[pri:0, instance:com.ibm.Jenkins2.com.ibm.Jenkins2.launchApplication@d8355a8]" name="beforeTest" is-config="true" duration-ms="4301" started-at="2019-01-04T05:46:11Z" finished-at="2019-01-04T05:46:15Z">
          <reporter-output>
          </reporter-output>
        </test-method> <!-- beforeTest -->
        <test-method status="PASS" signature="loginToApp()[pri:0, instance:com.ibm.Jenkins2.com.ibm.Jenkins2.launchApplication@d8355a8]" name="loginToApp" duration-ms="686" started-at="2019-01-04T05:46:15Z" finished-at="2019-01-04T05:46:16Z">
          <reporter-output>
          </reporter-output>
        </test-method> <!-- loginToApp -->
        <test-method status="PASS" signature="afterTest()[pri:0, instance:com.ibm.Jenkins2.com.ibm.Jenkins2.launchApplication@d8355a8]" name="afterTest" is-config="true" duration-ms="552" started-at="2019-01-04T05:46:16Z" finished-at="2019-01-04T05:46:16Z">
          <reporter-output>
          </reporter-output>
        </test-method> <!-- afterTest -->
      </class> <!-- com.ibm.Jenkins2.com.ibm.Jenkins2.launchApplication -->
    </test> <!-- Demo Test -->
  </suite> <!-- Test Suite -->
</testng-results>
